d:\vc上机实验2\11mfc1and2and3\11mfc1and2and3\debug\11mfc1and2and3.pch
d:\vc上机实验2\11mfc1and2and3\11mfc1and2and3\debug\vc140.pdb
d:\vc上机实验2\11mfc1and2and3\11mfc1and2and3\debug\vc140.idb
d:\vc上机实验2\11mfc1and2and3\11mfc1and2and3\debug\stdafx.obj
d:\vc上机实验2\11mfc1and2and3\11mfc1and2and3\debug\11mfc1and2and3.obj
d:\vc上机实验2\11mfc1and2and3\11mfc1and2and3\debug\11mfc1and2and3doc.obj
d:\vc上机实验2\11mfc1and2and3\11mfc1and2and3\debug\11mfc1and2and3set.obj
d:\vc上机实验2\11mfc1and2and3\11mfc1and2and3\debug\11mfc1and2and3view.obj
d:\vc上机实验2\11mfc1and2and3\11mfc1and2and3\debug\mainfrm.obj
d:\vc上机实验2\11mfc1and2and3\debug\11mfc1and2and3.ilk
d:\vc上机实验2\11mfc1and2and3\debug\11mfc1and2and3.exe
d:\vc上机实验2\11mfc1and2and3\debug\11mfc1and2and3.pdb
d:\vc上机实验2\11mfc1and2and3\11mfc1and2and3\debug\11mfc1and2and3.res
d:\vc上机实验2\11mfc1and2and3\11mfc1and2and3\debug\11mfc1and2and3.tlog\cl.command.1.tlog
d:\vc上机实验2\11mfc1and2and3\11mfc1and2and3\debug\11mfc1and2and3.tlog\cl.read.1.tlog
d:\vc上机实验2\11mfc1and2and3\11mfc1and2and3\debug\11mfc1and2and3.tlog\cl.write.1.tlog
d:\vc上机实验2\11mfc1and2and3\11mfc1and2and3\debug\11mfc1and2and3.tlog\link.command.1.tlog
d:\vc上机实验2\11mfc1and2and3\11mfc1and2and3\debug\11mfc1and2and3.tlog\link.read.1.tlog
d:\vc上机实验2\11mfc1and2and3\11mfc1and2and3\debug\11mfc1and2and3.tlog\link.write.1.tlog
d:\vc上机实验2\11mfc1and2and3\11mfc1and2and3\debug\11mfc1and2and3.tlog\rc.command.1.tlog
d:\vc上机实验2\11mfc1and2and3\11mfc1and2and3\debug\11mfc1and2and3.tlog\rc.read.1.tlog
d:\vc上机实验2\11mfc1and2and3\11mfc1and2and3\debug\11mfc1and2and3.tlog\rc.write.1.tlog
