生成启动时间为 2020/3/23 12:45:07。
     1>项目“F:\大二\大二下\vc++\实验\3_03Text1\3_03Text1\3_03Text1.vcxproj”在节点 2 上(Build 个目标)。
     1>ClCompile:
         C:\Program Files (x86)\Microsoft Visual Studio 12.0\VC\bin\CL.exe /c /ZI /nologo /W3 /WX- /sdl /Od /Oy- /D WIN32 /D _WINDOWS /D _DEBUG /D _UNICODE /D UNICODE /D _AFXDLL /Gm /EHsc /RTC1 /MDd /GS /fp:precise /Zc:wchar_t /Zc:forScope /Yc"stdafx.h" /Fp"Debug\3_03Text1.pch" /Fo"Debug\\" /Fd"Debug\vc120.pdb" /Gd /TP /analyze- /errorReport:prompt stdafx.cpp
         stdafx.cpp
         C:\Program Files (x86)\Microsoft Visual Studio 12.0\VC\bin\CL.exe /c /ZI /nologo /W3 /WX- /sdl /Od /Oy- /D WIN32 /D _WINDOWS /D _DEBUG /D _UNICODE /D UNICODE /D _AFXDLL /Gm /EHsc /RTC1 /MDd /GS /fp:precise /Zc:wchar_t /Zc:forScope /Yu"stdafx.h" /Fp"Debug\3_03Text1.pch" /Fo"Debug\\" /Fd"Debug\vc120.pdb" /Gd /TP /analyze- /errorReport:prompt 3_03Text1.cpp 3_03Text1Doc.cpp 3_03Text1View.cpp MainFrm.cpp
         MainFrm.cpp
         3_03Text1View.cpp
         3_03Text1Doc.cpp
         3_03Text1.cpp
         正在生成代码...
       ResourceCompile:
         C:\Program Files (x86)\Windows Kits\8.1\bin\x86\rc.exe /D _DEBUG /D _UNICODE /D UNICODE /D _AFXDLL /l"0x0804" /IDebug\ /nologo /fo"Debug\3_03Text1.res" 3_03Text1.rc 
       Link:
         C:\Program Files (x86)\Microsoft Visual Studio 12.0\VC\bin\link.exe /ERRORREPORT:PROMPT /OUT:"F:\大二\大二下\vc++\实验\3_03Text1\Debug\3_03Text1.exe" /INCREMENTAL /NOLOGO /MANIFEST /MANIFESTUAC:"level='asInvoker' uiAccess='false'" /manifest:embed /manifestinput:"C:\Program Files (x86)\Microsoft Visual Studio 12.0\VC\Include\Manifest\dpiaware.manifest" /DEBUG /PDB:"F:\大二\大二下\vc++\实验\3_03Text1\Debug\3_03Text1.pdb" /SUBSYSTEM:WINDOWS /TLBID:1 /ENTRY:"wWinMainCRTStartup" /DYNAMICBASE /NXCOMPAT /IMPLIB:"F:\大二\大二下\vc++\实验\3_03Text1\Debug\3_03Text1.lib" /MACHINE:X86 Debug\3_03Text1.res
         Debug\3_03Text1.obj
         Debug\3_03Text1Doc.obj
         Debug\3_03Text1View.obj
         Debug\MainFrm.obj
         Debug\stdafx.obj
         3_03Text1.vcxproj -> F:\大二\大二下\vc++\实验\3_03Text1\Debug\3_03Text1.exe
     1>已完成生成项目“F:\大二\大二下\vc++\实验\3_03Text1\3_03Text1\3_03Text1.vcxproj”(Build 个目标)的操作。

生成成功。

已用时间 00:01:27.07
