生成启动时间为 2020/5/16 20:02:19。
     1>项目“F:\大二\大二下\vc++\实验\实验3_317\实验3_317\实验3_317.vcxproj”在节点 2 上(Build 个目标)。
     1>ClCompile:
         C:\Program Files (x86)\Microsoft Visual Studio 12.0\VC\bin\CL.exe /c /ZI /nologo /W3 /WX- /sdl /Od /Oy- /D WIN32 /D _WINDOWS /D _DEBUG /D _UNICODE /D UNICODE /D _AFXDLL /Gm /EHsc /RTC1 /MDd /GS /fp:precise /Zc:wchar_t /Zc:forScope /Yc"stdafx.h" /Fp"Debug\实验3_317.pch" /Fo"Debug\\" /Fd"Debug\vc120.pdb" /Gd /TP /analyze- /errorReport:prompt stdafx.cpp
         stdafx.cpp
         C:\Program Files (x86)\Microsoft Visual Studio 12.0\VC\bin\CL.exe /c /ZI /nologo /W3 /WX- /sdl /Od /Oy- /D WIN32 /D _WINDOWS /D _DEBUG /D _UNICODE /D UNICODE /D _AFXDLL /Gm /EHsc /RTC1 /MDd /GS /fp:precise /Zc:wchar_t /Zc:forScope /Yu"stdafx.h" /Fp"Debug\实验3_317.pch" /Fo"Debug\\" /Fd"Debug\vc120.pdb" /Gd /TP /analyze- /errorReport:prompt MainFrm.cpp "实验3_317.cpp" "实验3_317Doc.cpp" "实验3_317View.cpp"
         实验3_317View.cpp
         实验3_317Doc.cpp
         实验3_317.cpp
         MainFrm.cpp
         正在生成代码...
       ResourceCompile:
         C:\Program Files (x86)\Windows Kits\8.1\bin\x86\rc.exe /D _DEBUG /D _UNICODE /D UNICODE /D _AFXDLL /l"0x0804" /IDebug\ /nologo /fo"Debug\实验3_317.res" "实验3_317.rc" 
       Link:
         C:\Program Files (x86)\Microsoft Visual Studio 12.0\VC\bin\link.exe /ERRORREPORT:PROMPT /OUT:"F:\大二\大二下\vc++\实验\实验3_317\Debug\实验3_317.exe" /INCREMENTAL /NOLOGO /MANIFEST /MANIFESTUAC:"level='asInvoker' uiAccess='false'" /manifest:embed /manifestinput:"C:\Program Files (x86)\Microsoft Visual Studio 12.0\VC\Include\Manifest\dpiaware.manifest" /DEBUG /PDB:"F:\大二\大二下\vc++\实验\实验3_317\Debug\实验3_317.pdb" /SUBSYSTEM:WINDOWS /TLBID:1 /ENTRY:"wWinMainCRTStartup" /DYNAMICBASE /NXCOMPAT /IMPLIB:"F:\大二\大二下\vc++\实验\实验3_317\Debug\实验3_317.lib" /MACHINE:X86 "Debug\实验3_317.res"
         Debug\MainFrm.obj
         Debug\stdafx.obj
         "Debug\实验3_317.obj"
         "Debug\实验3_317Doc.obj"
         "Debug\实验3_317View.obj"
         实验3_317.vcxproj -> F:\大二\大二下\vc++\实验\实验3_317\Debug\实验3_317.exe
     1>已完成生成项目“F:\大二\大二下\vc++\实验\实验3_317\实验3_317\实验3_317.vcxproj”(Build 个目标)的操作。

生成成功。

已用时间 00:01:33.20
